<?xml version="1.0" encoding="UTF-8"?>
<testsuite xmlns:xsi="http://www.w3.org/2001/XMLSchema-instance" xsi:noNamespaceSchemaLocation="https://maven.apache.org/surefire/maven-surefire-plugin/xsd/surefire-test-report-3.0.xsd" version="3.0" name="io.workshop.seguridad.GreetingWorkflowTest" time="5.775" tests="1" errors="0" skipped="0" failures="0">
  <properties>
    <property name="java.specification.version" value="23"/>
    <property name="sun.jnu.encoding" value="UTF-8"/>
    <property name="java.class.path" value="/Users/israel.flores/Documents/sesiones_de_entendimiento/target/test-classes:/Users/israel.flores/Documents/sesiones_de_entendimiento/target/classes:/Users/israel.flores/.m2/repository/io/micrometer/micrometer-registry-prometheus/1.8.5/micrometer-registry-prometheus-1.8.5.jar:/Users/israel.flores/.m2/repository/io/micrometer/micrometer-core/1.8.5/micrometer-core-1.8.5.jar:/Users/israel.flores/.m2/repository/org/hdrhistogram/HdrHistogram/2.1.12/HdrHistogram-2.1.12.jar:/Users/israel.flores/.m2/repository/org/latencyutils/LatencyUtils/2.0.3/LatencyUtils-2.0.3.jar:/Users/israel.flores/.m2/repository/io/prometheus/simpleclient_common/0.12.0/simpleclient_common-0.12.0.jar:/Users/israel.flores/.m2/repository/io/prometheus/simpleclient/0.12.0/simpleclient-0.12.0.jar:/Users/israel.flores/.m2/repository/io/prometheus/simpleclient_tracer_otel/0.12.0/simpleclient_tracer_otel-0.12.0.jar:/Users/israel.flores/.m2/repository/io/prometheus/simpleclient_tracer_common/0.12.0/simpleclient_tracer_common-0.12.0.jar:/Users/israel.flores/.m2/repository/io/prometheus/simpleclient_tracer_otel_agent/0.12.0/simpleclient_tracer_otel_agent-0.12.0.jar:/Users/israel.flores/.m2/repository/io/temporal/temporal-sdk/1.27.0/temporal-sdk-1.27.0.jar:/Users/israel.flores/.m2/repository/io/temporal/temporal-serviceclient/1.27.0/temporal-serviceclient-1.27.0.jar:/Users/israel.flores/.m2/repository/io/grpc/grpc-api/1.54.1/grpc-api-1.54.1.jar:/Users/israel.flores/.m2/repository/io/grpc/grpc-context/1.54.1/grpc-context-1.54.1.jar:/Users/israel.flores/.m2/repository/io/grpc/grpc-stub/1.54.1/grpc-stub-1.54.1.jar:/Users/israel.flores/.m2/repository/io/grpc/grpc-netty-shaded/1.54.1/grpc-netty-shaded-1.54.1.jar:/Users/israel.flores/.m2/repository/io/perfmark/perfmark-api/0.25.0/perfmark-api-0.25.0.jar:/Users/israel.flores/.m2/repository/io/grpc/grpc-core/1.54.1/grpc-core-1.54.1.jar:/Users/israel.flores/.m2/repository/com/google/android/annotations/4.1.1.4/annotations-4.1.1.4.jar:/Users/israel.flores/.m2/repository/org/codehaus/mojo/animal-sniffer-annotations/1.21/animal-sniffer-annotations-1.21.jar:/Users/israel.flores/.m2/repository/io/grpc/grpc-services/1.54.1/grpc-services-1.54.1.jar:/Users/israel.flores/.m2/repository/io/grpc/grpc-protobuf/1.54.1/grpc-protobuf-1.54.1.jar:/Users/israel.flores/.m2/repository/com/google/protobuf/protobuf-java/3.21.7/protobuf-java-3.21.7.jar:/Users/israel.flores/.m2/repository/com/google/api/grpc/proto-google-common-protos/2.9.0/proto-google-common-protos-2.9.0.jar:/Users/israel.flores/.m2/repository/io/grpc/grpc-protobuf-lite/1.54.1/grpc-protobuf-lite-1.54.1.jar:/Users/israel.flores/.m2/repository/com/google/protobuf/protobuf-java-util/3.22.0/protobuf-java-util-3.22.0.jar:/Users/israel.flores/.m2/repository/com/uber/m3/tally-core/0.13.0/tally-core-0.13.0.jar:/Users/israel.flores/.m2/repository/com/google/code/gson/gson/2.10.1/gson-2.10.1.jar:/Users/israel.flores/.m2/repository/io/nexusrpc/nexus-sdk/0.3.0-alpha/nexus-sdk-0.3.0-alpha.jar:/Users/israel.flores/.m2/repository/com/fasterxml/jackson/core/jackson-databind/2.14.2/jackson-databind-2.14.2.jar:/Users/israel.flores/.m2/repository/com/fasterxml/jackson/core/jackson-annotations/2.14.2/jackson-annotations-2.14.2.jar:/Users/israel.flores/.m2/repository/com/fasterxml/jackson/core/jackson-core/2.14.2/jackson-core-2.14.2.jar:/Users/israel.flores/.m2/repository/com/google/guava/guava/32.0.1-jre/guava-32.0.1-jre.jar:/Users/israel.flores/.m2/repository/com/google/guava/failureaccess/1.0.1/failureaccess-1.0.1.jar:/Users/israel.flores/.m2/repository/com/google/guava/listenablefuture/9999.0-empty-to-avoid-conflict-with-guava/listenablefuture-9999.0-empty-to-avoid-conflict-with-guava.jar:/Users/israel.flores/.m2/repository/com/google/code/findbugs/jsr305/3.0.2/jsr305-3.0.2.jar:/Users/israel.flores/.m2/repository/org/checkerframework/checker-qual/3.33.0/checker-qual-3.33.0.jar:/Users/israel.flores/.m2/repository/com/google/errorprone/error_prone_annotations/2.18.0/error_prone_annotations-2.18.0.jar:/Users/israel.flores/.m2/repository/com/google/j2objc/j2objc-annotations/2.8/j2objc-annotations-2.8.jar:/Users/israel.flores/.m2/repository/com/fasterxml/jackson/datatype/jackson-datatype-jsr310/2.14.2/jackson-datatype-jsr310-2.14.2.jar:/Users/israel.flores/.m2/repository/com/fasterxml/jackson/datatype/jackson-datatype-jdk8/2.14.2/jackson-datatype-jdk8-2.14.2.jar:/Users/israel.flores/.m2/repository/ch/qos/logback/logback-classic/1.4.8/logback-classic-1.4.8.jar:/Users/israel.flores/.m2/repository/ch/qos/logback/logback-core/1.4.8/logback-core-1.4.8.jar:/Users/israel.flores/.m2/repository/org/slf4j/slf4j-api/2.0.7/slf4j-api-2.0.7.jar:/Users/israel.flores/.m2/repository/com/sparkjava/spark-core/2.9.4/spark-core-2.9.4.jar:/Users/israel.flores/.m2/repository/org/eclipse/jetty/jetty-server/9.4.48.v20220622/jetty-server-9.4.48.v20220622.jar:/Users/israel.flores/.m2/repository/javax/servlet/javax.servlet-api/3.1.0/javax.servlet-api-3.1.0.jar:/Users/israel.flores/.m2/repository/org/eclipse/jetty/jetty-http/9.4.48.v20220622/jetty-http-9.4.48.v20220622.jar:/Users/israel.flores/.m2/repository/org/eclipse/jetty/jetty-util/9.4.48.v20220622/jetty-util-9.4.48.v20220622.jar:/Users/israel.flores/.m2/repository/org/eclipse/jetty/jetty-io/9.4.48.v20220622/jetty-io-9.4.48.v20220622.jar:/Users/israel.flores/.m2/repository/org/eclipse/jetty/jetty-webapp/9.4.48.v20220622/jetty-webapp-9.4.48.v20220622.jar:/Users/israel.flores/.m2/repository/org/eclipse/jetty/jetty-xml/9.4.48.v20220622/jetty-xml-9.4.48.v20220622.jar:/Users/israel.flores/.m2/repository/org/eclipse/jetty/jetty-servlet/9.4.48.v20220622/jetty-servlet-9.4.48.v20220622.jar:/Users/israel.flores/.m2/repository/org/eclipse/jetty/jetty-security/9.4.48.v20220622/jetty-security-9.4.48.v20220622.jar:/Users/israel.flores/.m2/repository/org/eclipse/jetty/jetty-util-ajax/9.4.48.v20220622/jetty-util-ajax-9.4.48.v20220622.jar:/Users/israel.flores/.m2/repository/org/eclipse/jetty/websocket/websocket-server/9.4.48.v20220622/websocket-server-9.4.48.v20220622.jar:/Users/israel.flores/.m2/repository/org/eclipse/jetty/websocket/websocket-common/9.4.48.v20220622/websocket-common-9.4.48.v20220622.jar:/Users/israel.flores/.m2/repository/org/eclipse/jetty/websocket/websocket-client/9.4.48.v20220622/websocket-client-9.4.48.v20220622.jar:/Users/israel.flores/.m2/repository/org/eclipse/jetty/jetty-client/9.4.48.v20220622/jetty-client-9.4.48.v20220622.jar:/Users/israel.flores/.m2/repository/org/eclipse/jetty/websocket/websocket-servlet/9.4.48.v20220622/websocket-servlet-9.4.48.v20220622.jar:/Users/israel.flores/.m2/repository/org/eclipse/jetty/websocket/websocket-api/9.4.48.v20220622/websocket-api-9.4.48.v20220622.jar:/Users/israel.flores/.m2/repository/org/apache/commons/commons-lang3/3.11/commons-lang3-3.11.jar:/Users/israel.flores/.m2/repository/org/xerial/snappy/snappy-java/1.1.10.5/snappy-java-1.1.10.5.jar:/Users/israel.flores/.m2/repository/io/temporal/temporal-testing/1.27.0/temporal-testing-1.27.0.jar:/Users/israel.flores/.m2/repository/io/temporal/temporal-test-server/1.27.0/temporal-test-server-1.27.0.jar:/Users/israel.flores/.m2/repository/com/cronutils/cron-utils/9.2.1/cron-utils-9.2.1.jar:/Users/israel.flores/.m2/repository/com/jayway/jsonpath/json-path/2.9.0/json-path-2.9.0.jar:/Users/israel.flores/.m2/repository/net/minidev/json-smart/2.5.0/json-smart-2.5.0.jar:/Users/israel.flores/.m2/repository/net/minidev/accessors-smart/2.5.0/accessors-smart-2.5.0.jar:/Users/israel.flores/.m2/repository/org/ow2/asm/asm/9.3/asm-9.3.jar:/Users/israel.flores/.m2/repository/junit/junit/4.11/junit-4.11.jar:/Users/israel.flores/.m2/repository/org/hamcrest/hamcrest-core/1.3/hamcrest-core-1.3.jar:/Users/israel.flores/.m2/repository/org/mockito/mockito-core/5.1.1/mockito-core-5.1.1.jar:/Users/israel.flores/.m2/repository/net/bytebuddy/byte-buddy/1.12.22/byte-buddy-1.12.22.jar:/Users/israel.flores/.m2/repository/net/bytebuddy/byte-buddy-agent/1.12.22/byte-buddy-agent-1.12.22.jar:/Users/israel.flores/.m2/repository/org/objenesis/objenesis/3.3/objenesis-3.3.jar:"/>
    <property name="java.vm.vendor" value="Homebrew"/>
    <property name="sun.arch.data.model" value="64"/>
    <property name="java.vendor.url" value="https://github.com/Homebrew/homebrew-core/issues"/>
    <property name="os.name" value="Mac OS X"/>
    <property name="java.vm.specification.version" value="23"/>
    <property name="sun.java.launcher" value="SUN_STANDARD"/>
    <property name="user.country" value="MX"/>
    <property name="sun.boot.library.path" value="/opt/homebrew/Cellar/openjdk/23.0.1/libexec/openjdk.jdk/Contents/Home/lib"/>
    <property name="sun.java.command" value="/Users/israel.flores/Documents/sesiones_de_entendimiento/target/surefire/surefirebooter2699505881398411111.jar /Users/israel.flores/Documents/sesiones_de_entendimiento/target/surefire 2025-01-22T18-31-42_410-jvmRun1 surefire17523782369764072935tmp surefire_07788599850257182827tmp"/>
    <property name="http.nonProxyHosts" value="local|*.local|169.254/16|*.169.254/16"/>
    <property name="jdk.debug" value="release"/>
    <property name="test" value="GreetingWorkflowTest#testWorkflow"/>
    <property name="surefire.test.class.path" value="/Users/israel.flores/Documents/sesiones_de_entendimiento/target/test-classes:/Users/israel.flores/Documents/sesiones_de_entendimiento/target/classes:/Users/israel.flores/.m2/repository/io/micrometer/micrometer-registry-prometheus/1.8.5/micrometer-registry-prometheus-1.8.5.jar:/Users/israel.flores/.m2/repository/io/micrometer/micrometer-core/1.8.5/micrometer-core-1.8.5.jar:/Users/israel.flores/.m2/repository/org/hdrhistogram/HdrHistogram/2.1.12/HdrHistogram-2.1.12.jar:/Users/israel.flores/.m2/repository/org/latencyutils/LatencyUtils/2.0.3/LatencyUtils-2.0.3.jar:/Users/israel.flores/.m2/repository/io/prometheus/simpleclient_common/0.12.0/simpleclient_common-0.12.0.jar:/Users/israel.flores/.m2/repository/io/prometheus/simpleclient/0.12.0/simpleclient-0.12.0.jar:/Users/israel.flores/.m2/repository/io/prometheus/simpleclient_tracer_otel/0.12.0/simpleclient_tracer_otel-0.12.0.jar:/Users/israel.flores/.m2/repository/io/prometheus/simpleclient_tracer_common/0.12.0/simpleclient_tracer_common-0.12.0.jar:/Users/israel.flores/.m2/repository/io/prometheus/simpleclient_tracer_otel_agent/0.12.0/simpleclient_tracer_otel_agent-0.12.0.jar:/Users/israel.flores/.m2/repository/io/temporal/temporal-sdk/1.27.0/temporal-sdk-1.27.0.jar:/Users/israel.flores/.m2/repository/io/temporal/temporal-serviceclient/1.27.0/temporal-serviceclient-1.27.0.jar:/Users/israel.flores/.m2/repository/io/grpc/grpc-api/1.54.1/grpc-api-1.54.1.jar:/Users/israel.flores/.m2/repository/io/grpc/grpc-context/1.54.1/grpc-context-1.54.1.jar:/Users/israel.flores/.m2/repository/io/grpc/grpc-stub/1.54.1/grpc-stub-1.54.1.jar:/Users/israel.flores/.m2/repository/io/grpc/grpc-netty-shaded/1.54.1/grpc-netty-shaded-1.54.1.jar:/Users/israel.flores/.m2/repository/io/perfmark/perfmark-api/0.25.0/perfmark-api-0.25.0.jar:/Users/israel.flores/.m2/repository/io/grpc/grpc-core/1.54.1/grpc-core-1.54.1.jar:/Users/israel.flores/.m2/repository/com/google/android/annotations/4.1.1.4/annotations-4.1.1.4.jar:/Users/israel.flores/.m2/repository/org/codehaus/mojo/animal-sniffer-annotations/1.21/animal-sniffer-annotations-1.21.jar:/Users/israel.flores/.m2/repository/io/grpc/grpc-services/1.54.1/grpc-services-1.54.1.jar:/Users/israel.flores/.m2/repository/io/grpc/grpc-protobuf/1.54.1/grpc-protobuf-1.54.1.jar:/Users/israel.flores/.m2/repository/com/google/protobuf/protobuf-java/3.21.7/protobuf-java-3.21.7.jar:/Users/israel.flores/.m2/repository/com/google/api/grpc/proto-google-common-protos/2.9.0/proto-google-common-protos-2.9.0.jar:/Users/israel.flores/.m2/repository/io/grpc/grpc-protobuf-lite/1.54.1/grpc-protobuf-lite-1.54.1.jar:/Users/israel.flores/.m2/repository/com/google/protobuf/protobuf-java-util/3.22.0/protobuf-java-util-3.22.0.jar:/Users/israel.flores/.m2/repository/com/uber/m3/tally-core/0.13.0/tally-core-0.13.0.jar:/Users/israel.flores/.m2/repository/com/google/code/gson/gson/2.10.1/gson-2.10.1.jar:/Users/israel.flores/.m2/repository/io/nexusrpc/nexus-sdk/0.3.0-alpha/nexus-sdk-0.3.0-alpha.jar:/Users/israel.flores/.m2/repository/com/fasterxml/jackson/core/jackson-databind/2.14.2/jackson-databind-2.14.2.jar:/Users/israel.flores/.m2/repository/com/fasterxml/jackson/core/jackson-annotations/2.14.2/jackson-annotations-2.14.2.jar:/Users/israel.flores/.m2/repository/com/fasterxml/jackson/core/jackson-core/2.14.2/jackson-core-2.14.2.jar:/Users/israel.flores/.m2/repository/com/google/guava/guava/32.0.1-jre/guava-32.0.1-jre.jar:/Users/israel.flores/.m2/repository/com/google/guava/failureaccess/1.0.1/failureaccess-1.0.1.jar:/Users/israel.flores/.m2/repository/com/google/guava/listenablefuture/9999.0-empty-to-avoid-conflict-with-guava/listenablefuture-9999.0-empty-to-avoid-conflict-with-guava.jar:/Users/israel.flores/.m2/repository/com/google/code/findbugs/jsr305/3.0.2/jsr305-3.0.2.jar:/Users/israel.flores/.m2/repository/org/checkerframework/checker-qual/3.33.0/checker-qual-3.33.0.jar:/Users/israel.flores/.m2/repository/com/google/errorprone/error_prone_annotations/2.18.0/error_prone_annotations-2.18.0.jar:/Users/israel.flores/.m2/repository/com/google/j2objc/j2objc-annotations/2.8/j2objc-annotations-2.8.jar:/Users/israel.flores/.m2/repository/com/fasterxml/jackson/datatype/jackson-datatype-jsr310/2.14.2/jackson-datatype-jsr310-2.14.2.jar:/Users/israel.flores/.m2/repository/com/fasterxml/jackson/datatype/jackson-datatype-jdk8/2.14.2/jackson-datatype-jdk8-2.14.2.jar:/Users/israel.flores/.m2/repository/ch/qos/logback/logback-classic/1.4.8/logback-classic-1.4.8.jar:/Users/israel.flores/.m2/repository/ch/qos/logback/logback-core/1.4.8/logback-core-1.4.8.jar:/Users/israel.flores/.m2/repository/org/slf4j/slf4j-api/2.0.7/slf4j-api-2.0.7.jar:/Users/israel.flores/.m2/repository/com/sparkjava/spark-core/2.9.4/spark-core-2.9.4.jar:/Users/israel.flores/.m2/repository/org/eclipse/jetty/jetty-server/9.4.48.v20220622/jetty-server-9.4.48.v20220622.jar:/Users/israel.flores/.m2/repository/javax/servlet/javax.servlet-api/3.1.0/javax.servlet-api-3.1.0.jar:/Users/israel.flores/.m2/repository/org/eclipse/jetty/jetty-http/9.4.48.v20220622/jetty-http-9.4.48.v20220622.jar:/Users/israel.flores/.m2/repository/org/eclipse/jetty/jetty-util/9.4.48.v20220622/jetty-util-9.4.48.v20220622.jar:/Users/israel.flores/.m2/repository/org/eclipse/jetty/jetty-io/9.4.48.v20220622/jetty-io-9.4.48.v20220622.jar:/Users/israel.flores/.m2/repository/org/eclipse/jetty/jetty-webapp/9.4.48.v20220622/jetty-webapp-9.4.48.v20220622.jar:/Users/israel.flores/.m2/repository/org/eclipse/jetty/jetty-xml/9.4.48.v20220622/jetty-xml-9.4.48.v20220622.jar:/Users/israel.flores/.m2/repository/org/eclipse/jetty/jetty-servlet/9.4.48.v20220622/jetty-servlet-9.4.48.v20220622.jar:/Users/israel.flores/.m2/repository/org/eclipse/jetty/jetty-security/9.4.48.v20220622/jetty-security-9.4.48.v20220622.jar:/Users/israel.flores/.m2/repository/org/eclipse/jetty/jetty-util-ajax/9.4.48.v20220622/jetty-util-ajax-9.4.48.v20220622.jar:/Users/israel.flores/.m2/repository/org/eclipse/jetty/websocket/websocket-server/9.4.48.v20220622/websocket-server-9.4.48.v20220622.jar:/Users/israel.flores/.m2/repository/org/eclipse/jetty/websocket/websocket-common/9.4.48.v20220622/websocket-common-9.4.48.v20220622.jar:/Users/israel.flores/.m2/repository/org/eclipse/jetty/websocket/websocket-client/9.4.48.v20220622/websocket-client-9.4.48.v20220622.jar:/Users/israel.flores/.m2/repository/org/eclipse/jetty/jetty-client/9.4.48.v20220622/jetty-client-9.4.48.v20220622.jar:/Users/israel.flores/.m2/repository/org/eclipse/jetty/websocket/websocket-servlet/9.4.48.v20220622/websocket-servlet-9.4.48.v20220622.jar:/Users/israel.flores/.m2/repository/org/eclipse/jetty/websocket/websocket-api/9.4.48.v20220622/websocket-api-9.4.48.v20220622.jar:/Users/israel.flores/.m2/repository/org/apache/commons/commons-lang3/3.11/commons-lang3-3.11.jar:/Users/israel.flores/.m2/repository/org/xerial/snappy/snappy-java/1.1.10.5/snappy-java-1.1.10.5.jar:/Users/israel.flores/.m2/repository/io/temporal/temporal-testing/1.27.0/temporal-testing-1.27.0.jar:/Users/israel.flores/.m2/repository/io/temporal/temporal-test-server/1.27.0/temporal-test-server-1.27.0.jar:/Users/israel.flores/.m2/repository/com/cronutils/cron-utils/9.2.1/cron-utils-9.2.1.jar:/Users/israel.flores/.m2/repository/com/jayway/jsonpath/json-path/2.9.0/json-path-2.9.0.jar:/Users/israel.flores/.m2/repository/net/minidev/json-smart/2.5.0/json-smart-2.5.0.jar:/Users/israel.flores/.m2/repository/net/minidev/accessors-smart/2.5.0/accessors-smart-2.5.0.jar:/Users/israel.flores/.m2/repository/org/ow2/asm/asm/9.3/asm-9.3.jar:/Users/israel.flores/.m2/repository/junit/junit/4.11/junit-4.11.jar:/Users/israel.flores/.m2/repository/org/hamcrest/hamcrest-core/1.3/hamcrest-core-1.3.jar:/Users/israel.flores/.m2/repository/org/mockito/mockito-core/5.1.1/mockito-core-5.1.1.jar:/Users/israel.flores/.m2/repository/net/bytebuddy/byte-buddy/1.12.22/byte-buddy-1.12.22.jar:/Users/israel.flores/.m2/repository/net/bytebuddy/byte-buddy-agent/1.12.22/byte-buddy-agent-1.12.22.jar:/Users/israel.flores/.m2/repository/org/objenesis/objenesis/3.3/objenesis-3.3.jar:"/>
    <property name="sun.cpu.endian" value="little"/>
    <property name="user.home" value="/Users/israel.flores"/>
    <property name="user.language" value="en"/>
    <property name="java.specification.vendor" value="Oracle Corporation"/>
    <property name="java.version.date" value="2024-10-15"/>
    <property name="java.home" value="/opt/homebrew/Cellar/openjdk/23.0.1/libexec/openjdk.jdk/Contents/Home"/>
    <property name="file.separator" value="/"/>
    <property name="basedir" value="/Users/israel.flores/Documents/sesiones_de_entendimiento"/>
    <property name="java.vm.compressedOopsMode" value="Zero based"/>
    <property name="line.separator" value="&#10;"/>
    <property name="java.vm.specification.vendor" value="Oracle Corporation"/>
    <property name="java.specification.name" value="Java Platform API Specification"/>
    <property name="apple.awt.application.name" value="ForkedBooter"/>
    <property name="surefire.real.class.path" value="/Users/israel.flores/Documents/sesiones_de_entendimiento/target/surefire/surefirebooter2699505881398411111.jar"/>
    <property name="sun.management.compiler" value="HotSpot 64-Bit Tiered Compilers"/>
    <property name="ftp.nonProxyHosts" value="local|*.local|169.254/16|*.169.254/16"/>
    <property name="java.runtime.version" value="23.0.1"/>
    <property name="user.name" value="israel.flores"/>
    <property name="stdout.encoding" value="UTF-8"/>
    <property name="path.separator" value=":"/>
    <property name="os.version" value="15.2"/>
    <property name="java.runtime.name" value="OpenJDK Runtime Environment"/>
    <property name="file.encoding" value="UTF-8"/>
    <property name="java.vm.name" value="OpenJDK 64-Bit Server VM"/>
    <property name="java.vendor.version" value="Homebrew"/>
    <property name="localRepository" value="/Users/israel.flores/.m2/repository"/>
    <property name="java.vendor.url.bug" value="https://github.com/Homebrew/homebrew-core/issues"/>
    <property name="java.io.tmpdir" value="/var/folders/3t/4h6zyn3d35j0tdy090vy5mpw0000gn/T/"/>
    <property name="java.version" value="23.0.1"/>
    <property name="user.dir" value="/Users/israel.flores/Documents/sesiones_de_entendimiento"/>
    <property name="os.arch" value="aarch64"/>
    <property name="java.vm.specification.name" value="Java Virtual Machine Specification"/>
    <property name="native.encoding" value="UTF-8"/>
    <property name="java.library.path" value="/Users/israel.flores/Library/Java/Extensions:/Library/Java/Extensions:/Network/Library/Java/Extensions:/System/Library/Java/Extensions:/usr/lib/java:."/>
    <property name="java.vm.info" value="mixed mode, sharing"/>
    <property name="stderr.encoding" value="UTF-8"/>
    <property name="java.vendor" value="Homebrew"/>
    <property name="java.vm.version" value="23.0.1"/>
    <property name="sun.io.unicode.encoding" value="UnicodeBig"/>
    <property name="socksNonProxyHosts" value="local|*.local|169.254/16|*.169.254/16"/>
    <property name="java.class.version" value="67.0"/>
  </properties>
  <testcase name="testWorkflow" classname="io.workshop.seguridad.GreetingWorkflowTest" time="0.23"/>
</testsuite>